c:\users\hp\source\repos\consoleapplication4\consoleapplication4\debug\vc141.pdb
c:\users\hp\source\repos\consoleapplication4\consoleapplication4\debug\vc141.idb
c:\users\hp\source\repos\consoleapplication4\consoleapplication4\debug\consoleapplication4.obj
c:\users\hp\source\repos\consoleapplication4\consoleapplication4\debug\answer.obj
c:\users\hp\source\repos\consoleapplication4\consoleapplication4\debug\littlereq.obj
c:\users\hp\source\repos\consoleapplication4\consoleapplication4\debug\publickeypayload.obj
c:\users\hp\source\repos\consoleapplication4\consoleapplication4\debug\source.obj
c:\users\hp\source\repos\consoleapplication4\consoleapplication4\debug\consoleapplication4.pch
c:\users\hp\source\repos\consoleapplication4\consoleapplication4\debug\pch.obj
c:\users\hp\source\repos\consoleapplication4\consoleapplication4\debug\aes_example.obj
c:\users\hp\source\repos\consoleapplication4\consoleapplication4\debug\rsa_example.obj
c:\users\hp\source\repos\consoleapplication4\debug\consoleapplication4.exe
c:\users\hp\source\repos\consoleapplication4\debug\consoleapplication4.ilk
c:\users\hp\source\repos\consoleapplication4\debug\consoleapplication4.pdb
c:\users\hp\source\repos\consoleapplication4\consoleapplication4\debug\consolea.17c5ed37.tlog\cl.command.1.tlog
c:\users\hp\source\repos\consoleapplication4\consoleapplication4\debug\consolea.17c5ed37.tlog\cl.read.1.tlog
c:\users\hp\source\repos\consoleapplication4\consoleapplication4\debug\consolea.17c5ed37.tlog\cl.write.1.tlog
c:\users\hp\source\repos\consoleapplication4\consoleapplication4\debug\consolea.17c5ed37.tlog\link.command.1.tlog
c:\users\hp\source\repos\consoleapplication4\consoleapplication4\debug\consolea.17c5ed37.tlog\link.read.1.tlog
c:\users\hp\source\repos\consoleapplication4\consoleapplication4\debug\consolea.17c5ed37.tlog\link.write.1.tlog
